Flutter crash report.
Please report a bug at https://github.com/flutter/flutter/issues.

## command

flutter analyze --suppress-analytics

## exception

PathNotFoundException: PathNotFoundException: Directory listing failed, path = 'C:\flutter\examples\*' (OS Error: The system cannot find the path specified, errno = 3)

```
#0      _Directory._fillWithDirectoryListing (dart:io-patch/directory_patch.dart:49:4)
#1      _Directory.listSync (dart:io/directory_impl.dart:259:5)
#2      ForwardingDirectory.listSync (package:file/src/forwarding/forwarding_directory.dart:43:12)
#3      ForwardingDirectory.listSync (package:file/src/forwarding/forwarding_directory.dart:43:12)
#4      FlutterCommandRunner._gatherProjectPaths (package:flutter_tools/src/runner/flutter_command_runner.dart:525:10)
#5      FlutterCommandRunner.getRepoPackages.<anonymous closure> (package:flutter_tools/src/runner/flutter_command_runner.dart:513:42)
#6      ExpandIterator.moveNext (dart:_internal/iterable.dart:510:31)
#7      MappedIterator.moveNext (dart:_internal/iterable.dart:419:19)
#8      new _GrowableList._ofOther (dart:core-patch/growable_array.dart:207:26)
#9      new _GrowableList.of (dart:core-patch/growable_array.dart:156:26)
#10     new List.of (dart:core-patch/array_patch.dart:39:18)
#11     Iterable.toList (dart:core/iterable.dart:517:7)
#12     FlutterCommandRunner.getRepoPackages (package:flutter_tools/src/runner/flutter_command_runner.dart:515:10)
#13     AnalyzeCommand.runCommand (package:flutter_tools/src/commands/analyze.dart:383:17)
#14     FlutterCommand.verifyThenRunCommand (package:flutter_tools/src/runner/flutter_command.dart:1938:12)
<asynchronous suspension>
#15     FlutterCommand.run.<anonymous closure> (package:flutter_tools/src/runner/flutter_command.dart:1590:27)
<asynchronous suspension>
#16     AppContext.run.<anonymous closure> (package:flutter_tools/src/base/context.dart:154:19)
<asynchronous suspension>
#17     CommandRunner.runCommand (package:args/command_runner.dart:212:13)
<asynchronous suspension>
#18     FlutterCommandRunner.runCommand.<anonymous closure> (package:flutter_tools/src/runner/flutter_command_runner.dart:496:9)
<asynchronous suspension>
#19     AppContext.run.<anonymous closure> (package:flutter_tools/src/base/context.dart:154:19)
<asynchronous suspension>
#20     FlutterCommandRunner.runCommand (package:flutter_tools/src/runner/flutter_command_runner.dart:431:5)
<asynchronous suspension>
#21     FlutterCommandRunner.run.<anonymous closure> (package:flutter_tools/src/runner/flutter_command_runner.dart:307:33)
<asynchronous suspension>
#22     run.<anonymous closure>.<anonymous closure> (package:flutter_tools/runner.dart:104:11)
<asynchronous suspension>
#23     AppContext.run.<anonymous closure> (package:flutter_tools/src/base/context.dart:154:19)
<asynchronous suspension>
#24     main (package:flutter_tools/executable.dart:103:3)
<asynchronous suspension>
```

## flutter doctor

```
[✓] Flutter (Channel stable, 3.41.9, on Microsoft Windows [Version 10.0.26100.8390], locale en-IN) [4.7s]
    • Flutter version 3.41.9 on channel stable at C:\flutter
    • Upstream repository https://github.com/flutter/flutter.git
    • Framework revision 00b0c91f06 (2 weeks ago), 2026-04-29 10:03:19 -0700
    • Engine revision 42d3d75a56
    • Dart version 3.11.5
    • DevTools version 2.54.2
    • Feature flags: enable-web, enable-linux-desktop, enable-macos-desktop, enable-windows-desktop, enable-android, enable-ios, cli-animations, enable-native-assets, omit-legacy-version-file, enable-lldb-debugging, enable-uiscene-migration

[✓] Windows Version (11 Enterprise 64-bit, 24H2, 2009) [19.4s]

[✗] Android toolchain - develop for Android devices [2.6s]
    ✗ Unable to locate Android SDK.
      Install Android Studio from: https://developer.android.com/studio/index.html
      On first launch it will assist you in installing the Android SDK components.
      (or visit https://flutter.dev/to/windows-android-setup for detailed instructions).
      If the Android SDK has been installed to a custom location, please use
      `flutter config --android-sdk` to update to that location.


[✓] Chrome - develop for the web [2.5s]
    • Chrome at C:\Program Files\Google\Chrome\Application\chrome.exe

[✗] Visual Studio - develop Windows apps [2.5s]
    ✗ Visual Studio not installed; this is necessary to develop Windows apps.
      Download at https://visualstudio.microsoft.com/downloads/.
      Please install the "Desktop development with C++" workload, including all of its default components

[✓] Connected device (3 available) [1,156ms]
    • Windows (desktop) • windows • windows-x64    • Microsoft Windows [Version 10.0.26100.8390]
    • Chrome (web)      • chrome  • web-javascript • Google Chrome 148.0.7778.168
    • Edge (web)        • edge    • web-javascript • Microsoft Edge 147.0.3912.98

[✓] Network resources [1,652ms]
    • All expected network resources are available.

! Doctor found issues in 2 categories.
```
